ACL/2024.json: filled 0/123
ACL/2025.json: filled 42/327
ACL/2026.json: filled 84/632
CIKM/2024.json: filled 34/432
CIKM/2025.json: filled 70/540
ICLR/2024.json: filled 47/732
ICLR/2025.json: filled 107/648
ICLR/2026.json: filled 205/1077
ICML/2024.json: filled 82/566
ICML/2025.json: filled 114/710
KDD/2024.json: filled 18/273
KDD/2025.json: filled 36/370
NeurIPS/2024.json: filled 116/775
NeurIPS/2025.json: filled 157/1093
RecSys/2024.json: filled 10/135
RecSys/2025.json: filled 13/140
SIGIR/2024.json: filled 18/192
SIGIR/2025.json: filled 25/273
WSDM/2024.json: filled 11/140
WSDM/2025.json: filled 7/80
WSDM/2026.json: filled 8/115
WWW/2024.json: filled 11/230
WWW/2025.json: filled 20/223
WWW/2026.json: filled 45/525
=== total: filled 1280/10351 ===
