09:20:03 ### harvest start: from=2024-06-03 until=2024-06-03 ###
09:20:03   page 1  (+694, total 694 records)
09:20:03 ### harvest complete: 1 pages, 694 records ###
09:20:15 index loaded: 695 distinct normalised titles
09:20:16   ACL2024.json     +2 links
09:20:16 ### match done: 2 new links ###
09:20:42 ### harvest start: from=2017-01-01 until=2026-06-23 ###
09:22:12   page 10  (+1300, total 13000 records)
09:22:56 ### harvest start: from=2022-01-01 until=2026-06-23 ###
09:24:18   page 10  (+1300, total 13000 records)
09:25:34   page 20  (+1300, total 26000 records)
09:26:54   page 30  (+1300, total 39000 records)
10:06:48 ### harvest start: from=2022-01-01 until=2026-06-23 ###
10:08:07   page 10  (+1300, total 13000 records)
10:09:15 ### harvest start: from=2024-01-01 until=2026-06-23 ###
10:10:28   page 10  (+1300, total 13000 records)
10:11:47   page 20  (+1300, total 26000 records)
10:13:04   page 30  (+1300, total 39000 records)
10:14:20   page 40  (+1300, total 52000 records)
10:15:36   page 50  (+1300, total 65000 records)
10:16:54   page 60  (+1300, total 78000 records)
10:18:44   page 70  (+1300, total 91000 records)
10:24:59   page 80  (+1300, total 104000 records)
10:30:37   page 90  (+1300, total 117000 records)
10:36:29   page 100  (+1300, total 130000 records)
10:43:14   page 110  (+1300, total 143000 records)
10:49:58   page 120  (+1300, total 156000 records)
10:55:02   page 130  (+1300, total 169000 records)
11:01:02   page 140  (+1300, total 182000 records)
11:09:47   page 150  (+1300, total 195000 records)
11:17:09   page 160  (+1300, total 208000 records)
11:22:55   page 170  (+1300, total 221000 records)
11:28:08   page 180  (+1300, total 234000 records)
11:33:43   page 190  (+1300, total 247000 records)
11:36:25   page 200  (+1300, total 260000 records)
11:37:44   page 210  (+1300, total 273000 records)
11:39:20   page 220  (+1300, total 286000 records)
11:40:40   page 230  (+1300, total 299000 records)
11:42:05   page 240  (+1300, total 312000 records)
11:43:26   page 250  (+1300, total 325000 records)
11:44:43   page 260  (+1300, total 338000 records)
11:46:10   page 270  (+1300, total 351000 records)
11:47:27   page 280  (+1300, total 364000 records)
11:48:43   page 290  (+1300, total 377000 records)
11:50:02   page 300  (+1300, total 390000 records)
11:51:17   page 310  (+1300, total 403000 records)
11:52:32   page 320  (+1300, total 416000 records)
11:53:46   page 330  (+1300, total 429000 records)
11:55:06   page 340  (+1300, total 442000 records)
11:56:28   page 350  (+1300, total 455000 records)
11:57:45   page 360  (+1300, total 468000 records)
11:59:06   page 370  (+1300, total 481000 records)
12:00:26   page 380  (+1300, total 494000 records)
12:01:49   page 390  (+1300, total 507000 records)
12:03:13   page 400  (+1300, total 520000 records)
12:04:36   page 410  (+1300, total 533000 records)
12:06:08   page 420  (+1300, total 546000 records)
12:07:26   page 430  (+1300, total 559000 records)
12:17:50 dedup: 569400 ids already in index
12:17:50 ### harvest start: from=2026-01-01 until=2026-06-23 ###
12:19:06   page 10  (+1300 new, 575744 total ids)
12:20:24   page 20  (+1300 new, 588744 total ids)
12:21:43   page 30  (+1300 new, 601744 total ids)
12:22:57   page 40  (+1300 new, 614744 total ids)
12:24:21   page 50  (+1300 new, 627744 total ids)
12:25:41   page 60  (+1300 new, 640744 total ids)
12:27:03   page 70  (+1300 new, 653744 total ids)
12:28:24   page 80  (+1300 new, 666744 total ids)
12:29:56   page 90  (+1300 new, 679744 total ids)
12:31:16   page 100  (+1300 new, 692744 total ids)
12:32:40   page 110  (+1300 new, 705744 total ids)
12:33:58   page 120  (+1300 new, 718744 total ids)
12:35:21   page 130  (+1300 new, 731744 total ids)
12:36:35   page 140  (+1300 new, 744744 total ids)
12:38:09   page 150  (+1300 new, 757744 total ids)
12:39:26   page 160  (+1300 new, 770744 total ids)
12:40:42   page 170  (+1300 new, 783744 total ids)
12:41:52   page 180  (+1300 new, 796744 total ids)
12:43:23   page 190  (+1300 new, 809744 total ids)
12:44:49   page 200  (+286 new, 821730 total ids)
12:44:49 ### harvest complete: 200 pages, +252330 new (index now 821730) ###
12:55:40 ### harvest start: from=2024-01-01 until=2026-06-23 ###
12:57:00   page 10  (+1300 new, 13000 total ids)
12:58:17   page 20  (+1300 new, 26000 total ids)
12:59:48   page 30  (+1300 new, 39000 total ids)
13:01:19   page 40  (+1300 new, 52000 total ids)
13:02:50   page 50  (+1300 new, 65000 total ids)
13:04:09   page 60  (+1300 new, 78000 total ids)
13:05:34   page 70  (+1300 new, 91000 total ids)
13:06:53   page 80  (+1300 new, 104000 total ids)
13:08:18   page 90  (+1300 new, 117000 total ids)
13:09:34   page 100  (+1300 new, 130000 total ids)
13:10:54   page 110  (+1300 new, 143000 total ids)
13:12:13   page 120  (+1300 new, 156000 total ids)
13:13:39   page 130  (+1300 new, 169000 total ids)
13:14:57   page 140  (+1300 new, 182000 total ids)
13:16:37   page 150  (+1300 new, 195000 total ids)
13:20:52   page 160  (+1300 new, 208000 total ids)
13:23:40   page 170  (+1300 new, 221000 total ids)
13:24:51   page 180  (+1300 new, 234000 total ids)
13:26:05   page 190  (+1300 new, 247000 total ids)
13:27:15   page 200  (+1300 new, 260000 total ids)
13:28:37   page 210  (+1300 new, 273000 total ids)
13:30:19   page 220  (+1300 new, 286000 total ids)
13:32:08   page 230  (+1300 new, 299000 total ids)
13:36:58   page 240  (+1300 new, 312000 total ids)
13:38:31   page 250  (+1300 new, 325000 total ids)
13:39:55   page 260  (+1300 new, 338000 total ids)
13:41:27   page 270  (+1300 new, 351000 total ids)
13:46:31   page 280  (+1300 new, 364000 total ids)
13:48:07   page 290  (+1300 new, 377000 total ids)
13:49:29   page 300  (+1300 new, 390000 total ids)
13:50:46   page 310  (+1300 new, 403000 total ids)
13:52:09   page 320  (+1300 new, 416000 total ids)
13:53:44   page 330  (+1300 new, 429000 total ids)
13:57:12   page 340  (+1300 new, 442000 total ids)
13:59:48   page 350  (+1300 new, 455000 total ids)
14:01:58   page 360  (+1300 new, 468000 total ids)
14:03:46   page 370  (+1300 new, 481000 total ids)
14:05:03   page 380  (+1300 new, 494000 total ids)
14:06:36   page 390  (+1300 new, 507000 total ids)
14:08:09   page 400  (+1300 new, 520000 total ids)
14:12:17   page 410  (+1300 new, 533000 total ids)
14:14:18   page 420  (+1300 new, 546000 total ids)
14:15:34   page 430  (+1300 new, 559000 total ids)
14:16:50   page 440  (+1300 new, 572000 total ids)
14:20:26   page 450  (+1300 new, 585000 total ids)
14:22:25   page 460  (+1300 new, 598000 total ids)
